  [1m[35m (522.3ms)[0m  [1m[35mCREATE DATABASE "bench_BNB_development" ENCODING = 'unicode'[0m
  ↳ bin/rails:9
  [1m[35m (460.6ms)[0m  [1m[35mCREATE DATABASE "bench_BNB_test" ENCODING = 'unicode'[0m
  ↳ bin/rails:9
  [1m[35m (8.9ms)[0m  [1m[35mCREATE TABLE "schema_migrations" ("version" character varying NOT NULL PRIMARY KEY)[0m
  ↳ bin/rails:9
  [1m[35m (45.0ms)[0m  [1m[35mCREATE TABLE "ar_internal_metadata" ("key" character varying NOT NULL PRIMARY KEY, "value" character varying, "created_at" timestamp NOT NULL, "updated_at" timestamp NOT NULL)[0m
  ↳ bin/rails:9
  [1m[35m (0.6ms)[0m  [1m[34mSELECT pg_try_advisory_lock(1780400939310186585)[0m
  ↳ bin/rails:9
  [1m[35m (0.6ms)[0m  [1m[34mSELECT "schema_migrations"."version" FROM "schema_migrations" ORDER BY "schema_migrations"."version" ASC[0m
  ↳ bin/rails:9
Migrating to CreateApiUsers (20190225174343)
  [1m[35m (0.2ms)[0m  [1m[35mBEGIN[0m
  ↳ bin/rails:9
  [1m[35m (30.1ms)[0m  [1m[35mCREATE TABLE "api_users" ("id" bigserial primary key, "created_at" timestamp NOT NULL, "updated_at" timestamp NOT NULL)[0m
  ↳ db/migrate/20190225174343_create_api_users.rb:3
  [1m[36mActiveRecord::SchemaMigration Create (0.5ms)[0m  [1m[32mINSERT INTO "schema_migrations" ("version") VALUES ($1) RETURNING "version"[0m  [["version", "20190225174343"]]
  ↳ bin/rails:9
  [1m[35m (0.3ms)[0m  [1m[35mCOMMIT[0m
  ↳ bin/rails:9
Migrating to CreateUsers (20190225174552)
  [1m[35m (25.2ms)[0m  [1m[35mBEGIN[0m
  ↳ bin/rails:9
  [1m[35m (3.8ms)[0m  [1m[35mCREATE TABLE "users" ("id" bigserial primary key, "username" character varying NOT NULL, "password_digest" character varying NOT NULL, "session_token" character varying NOT NULL, "created_at" timestamp NOT NULL, "updated_at" timestamp NOT NULL)[0m
  ↳ db/migrate/20190225174552_create_users.rb:3
  [1m[35m (1.9ms)[0m  [1m[35mCREATE UNIQUE INDEX  "index_users_on_username" ON "users"  ("username")[0m
  ↳ db/migrate/20190225174552_create_users.rb:9
  [1m[35m (1.0ms)[0m  [1m[35mCREATE UNIQUE INDEX  "index_users_on_session_token" ON "users"  ("session_token")[0m
  ↳ db/migrate/20190225174552_create_users.rb:10
  [1m[36mActiveRecord::SchemaMigration Create (0.3ms)[0m  [1m[32mINSERT INTO "schema_migrations" ("version") VALUES ($1) RETURNING "version"[0m  [["version", "20190225174552"]]
  ↳ bin/rails:9
  [1m[35m (0.4ms)[0m  [1m[35mCOMMIT[0m
  ↳ bin/rails:9
  [1m[36mActiveRecord::InternalMetadata Load (0.5ms)[0m  [1m[34mSELECT  "ar_internal_metadata".* FROM "ar_internal_metadata" WHERE "ar_internal_metadata"."key" = $1 LIMIT $2[0m  [["key", "environment"], ["LIMIT", 1]]
  ↳ bin/rails:9
  [1m[35m (0.1ms)[0m  [1m[35mBEGIN[0m
  ↳ bin/rails:9
  [1m[36mActiveRecord::InternalMetadata Create (0.6ms)[0m  [1m[32mINSERT INTO "ar_internal_metadata" ("key", "value", "created_at", "updated_at") VALUES ($1, $2, $3, $4) RETURNING "key"[0m  [["key", "environment"], ["value", "development"], ["created_at", "2019-02-25 17:51:50.958894"], ["updated_at", "2019-02-25 17:51:50.958894"]]
  ↳ bin/rails:9
  [1m[35m (40.6ms)[0m  [1m[35mCOMMIT[0m
  ↳ bin/rails:9
  [1m[35m (0.7ms)[0m  [1m[34mSELECT pg_advisory_unlock(1780400939310186585)[0m
  ↳ bin/rails:9
  [1m[35m (0.5ms)[0m  [1m[34mSELECT "schema_migrations"."version" FROM "schema_migrations" ORDER BY "schema_migrations"."version" ASC[0m
  ↳ bin/rails:9
Started GET "/" for 127.0.0.1 at 2019-02-25 11:38:11 -0800
  [1m[35m (1.2ms)[0m  [1m[34mSELECT "schema_migrations"."version" FROM "schema_migrations" ORDER BY "schema_migrations"."version" ASC[0m
  ↳ /Users/youngchullim/.rbenv/versions/2.5.1/lib/ruby/gems/2.5.0/gems/activerecord-5.2.2/lib/active_record/log_subscriber.rb:98
Processing by StaticPagesController#root as HTML
  Rendering static_pages/root.html.erb within layouts/application
  Rendered static_pages/root.html.erb within layouts/application (1.8ms)
Completed 500 Internal Server Error in 222ms (ActiveRecord: 0.0ms)


  
ActionView::Template::Error (couldn't find file 'jquery' with type 'application/javascript'
Checked in these paths: 
  /Users/youngchullim/Desktop/home/bootcamp/week8/bench_BNB/app/assets/config
  /Users/youngchullim/Desktop/home/bootcamp/week8/bench_BNB/app/assets/images
  /Users/youngchullim/Desktop/home/bootcamp/week8/bench_BNB/app/assets/javascripts
  /Users/youngchullim/Desktop/home/bootcamp/week8/bench_BNB/app/assets/stylesheets
  /Users/youngchullim/.rbenv/versions/2.5.1/lib/ruby/gems/2.5.0/gems/coffee-rails-4.2.2/lib/assets/javascripts
  /Users/youngchullim/.rbenv/versions/2.5.1/lib/ruby/gems/2.5.0/gems/actioncable-5.2.2/lib/assets/compiled
  /Users/youngchullim/.rbenv/versions/2.5.1/lib/ruby/gems/2.5.0/gems/activestorage-5.2.2/app/assets/javascripts
  /Users/youngchullim/.rbenv/versions/2.5.1/lib/ruby/gems/2.5.0/gems/actionview-5.2.2/lib/assets/compiled
  /Users/youngchullim/Desktop/home/bootcamp/week8/bench_BNB/node_modules):
     5:     <%= csrf_meta_tags %>
     6:     <%= csp_meta_tag %>
     7: 
     8:     <%= stylesheet_link_tag    'application', media: 'all' %>
     9:     <%= javascript_include_tag 'application' %>
    10:   </head>
    11: 
  
app/assets/javascripts/application.js:15
app/views/layouts/application.html.erb:8:in `_app_views_layouts_application_html_erb___2330470410149137775_70271220260880'
Started GET "/" for 127.0.0.1 at 2019-02-25 11:39:07 -0800
Processing by StaticPagesController#root as HTML
  Rendering static_pages/root.html.erb within layouts/application
  Rendered static_pages/root.html.erb within layouts/application (0.3ms)
Completed 500 Internal Server Error in 18ms (ActiveRecord: 0.0ms)


  
ActionView::Template::Error (couldn't find file 'jquery' with type 'application/javascript'
Checked in these paths: 
  /Users/youngchullim/Desktop/home/bootcamp/week8/bench_BNB/app/assets/config
  /Users/youngchullim/Desktop/home/bootcamp/week8/bench_BNB/app/assets/images
  /Users/youngchullim/Desktop/home/bootcamp/week8/bench_BNB/app/assets/javascripts
  /Users/youngchullim/Desktop/home/bootcamp/week8/bench_BNB/app/assets/stylesheets
  /Users/youngchullim/.rbenv/versions/2.5.1/lib/ruby/gems/2.5.0/gems/coffee-rails-4.2.2/lib/assets/javascripts
  /Users/youngchullim/.rbenv/versions/2.5.1/lib/ruby/gems/2.5.0/gems/actioncable-5.2.2/lib/assets/compiled
  /Users/youngchullim/.rbenv/versions/2.5.1/lib/ruby/gems/2.5.0/gems/activestorage-5.2.2/app/assets/javascripts
  /Users/youngchullim/.rbenv/versions/2.5.1/lib/ruby/gems/2.5.0/gems/actionview-5.2.2/lib/assets/compiled
  /Users/youngchullim/Desktop/home/bootcamp/week8/bench_BNB/node_modules):
     5:     <%= csrf_meta_tags %>
     6:     <%= csp_meta_tag %>
     7: 
     8:     <%= stylesheet_link_tag    'application', media: 'all' %>
     9:     <%= javascript_include_tag 'application' %>
    10:   </head>
    11: 
  
app/assets/javascripts/application.js:15
app/views/layouts/application.html.erb:8:in `_app_views_layouts_application_html_erb___2330470410149137775_70271209574820'
Started GET "/" for 127.0.0.1 at 2019-02-25 11:51:05 -0800
Processing by StaticPagesController#root as HTML
  Rendering static_pages/root.html.erb within layouts/application
  Rendered static_pages/root.html.erb within layouts/application (0.3ms)
Completed 500 Internal Server Error in 17ms (ActiveRecord: 0.0ms)


  
ActionView::Template::Error (couldn't find file 'jquery' with type 'application/javascript'
Checked in these paths: 
  /Users/youngchullim/Desktop/home/bootcamp/week8/bench_BNB/app/assets/config
  /Users/youngchullim/Desktop/home/bootcamp/week8/bench_BNB/app/assets/images
  /Users/youngchullim/Desktop/home/bootcamp/week8/bench_BNB/app/assets/javascripts
  /Users/youngchullim/Desktop/home/bootcamp/week8/bench_BNB/app/assets/stylesheets
  /Users/youngchullim/.rbenv/versions/2.5.1/lib/ruby/gems/2.5.0/gems/coffee-rails-4.2.2/lib/assets/javascripts
  /Users/youngchullim/.rbenv/versions/2.5.1/lib/ruby/gems/2.5.0/gems/actioncable-5.2.2/lib/assets/compiled
  /Users/youngchullim/.rbenv/versions/2.5.1/lib/ruby/gems/2.5.0/gems/activestorage-5.2.2/app/assets/javascripts
  /Users/youngchullim/.rbenv/versions/2.5.1/lib/ruby/gems/2.5.0/gems/actionview-5.2.2/lib/assets/compiled
  /Users/youngchullim/Desktop/home/bootcamp/week8/bench_BNB/node_modules):
     5:     <%= csrf_meta_tags %>
     6:     <%= csp_meta_tag %>
     7: 
     8:     <%= stylesheet_link_tag    'application', media: 'all' %>
     9:     <%= javascript_include_tag 'application' %>
    10:   </head>
    11: 
  
app/assets/javascripts/application.js:15
app/views/layouts/application.html.erb:8:in `_app_views_layouts_application_html_erb___2330470410149137775_70271228646480'
Started GET "/" for 127.0.0.1 at 2019-02-25 11:59:49 -0800
  [1m[35m (0.8ms)[0m  [1m[34mSELECT "schema_migrations"."version" FROM "schema_migrations" ORDER BY "schema_migrations"."version" ASC[0m
  ↳ /Users/youngchullim/.rbenv/versions/2.5.1/lib/ruby/gems/2.5.0/gems/activerecord-5.2.2/lib/active_record/log_subscriber.rb:98
Processing by StaticPagesController#root as HTML
  Rendering static_pages/root.html.erb within layouts/application
  Rendered static_pages/root.html.erb within layouts/application (1.0ms)
Completed 500 Internal Server Error in 188ms (ActiveRecord: 0.0ms)


  
ActionView::Template::Error (couldn't find file 'jquery' with type 'application/javascript'
Checked in these paths: 
  /Users/youngchullim/Desktop/home/bootcamp/week8/bench_BNB/app/assets/config
  /Users/youngchullim/Desktop/home/bootcamp/week8/bench_BNB/app/assets/images
  /Users/youngchullim/Desktop/home/bootcamp/week8/bench_BNB/app/assets/javascripts
  /Users/youngchullim/Desktop/home/bootcamp/week8/bench_BNB/app/assets/stylesheets
  /Users/youngchullim/.rbenv/versions/2.5.1/lib/ruby/gems/2.5.0/gems/coffee-rails-4.2.2/lib/assets/javascripts
  /Users/youngchullim/.rbenv/versions/2.5.1/lib/ruby/gems/2.5.0/gems/actioncable-5.2.2/lib/assets/compiled
  /Users/youngchullim/.rbenv/versions/2.5.1/lib/ruby/gems/2.5.0/gems/activestorage-5.2.2/app/assets/javascripts
  /Users/youngchullim/.rbenv/versions/2.5.1/lib/ruby/gems/2.5.0/gems/actionview-5.2.2/lib/assets/compiled
  /Users/youngchullim/Desktop/home/bootcamp/week8/bench_BNB/node_modules):
     5:     <%= csrf_meta_tags %>
     6:     <%= csp_meta_tag %>
     7: 
     8:     <%= stylesheet_link_tag    'application', media: 'all' %>
     9:     <%= javascript_include_tag 'application' %>
    10:   </head>
    11: 
  
app/assets/javascripts/application.js:15
app/views/layouts/application.html.erb:8:in `_app_views_layouts_application_html_erb___3964835693616196618_70151767410460'
Started GET "/" for 127.0.0.1 at 2019-02-25 11:59:52 -0800
Processing by StaticPagesController#root as HTML
  Rendering static_pages/root.html.erb within layouts/application
  Rendered static_pages/root.html.erb within layouts/application (0.3ms)
Completed 500 Internal Server Error in 18ms (ActiveRecord: 0.0ms)


  
ActionView::Template::Error (couldn't find file 'jquery' with type 'application/javascript'
Checked in these paths: 
  /Users/youngchullim/Desktop/home/bootcamp/week8/bench_BNB/app/assets/config
  /Users/youngchullim/Desktop/home/bootcamp/week8/bench_BNB/app/assets/images
  /Users/youngchullim/Desktop/home/bootcamp/week8/bench_BNB/app/assets/javascripts
  /Users/youngchullim/Desktop/home/bootcamp/week8/bench_BNB/app/assets/stylesheets
  /Users/youngchullim/.rbenv/versions/2.5.1/lib/ruby/gems/2.5.0/gems/coffee-rails-4.2.2/lib/assets/javascripts
  /Users/youngchullim/.rbenv/versions/2.5.1/lib/ruby/gems/2.5.0/gems/actioncable-5.2.2/lib/assets/compiled
  /Users/youngchullim/.rbenv/versions/2.5.1/lib/ruby/gems/2.5.0/gems/activestorage-5.2.2/app/assets/javascripts
  /Users/youngchullim/.rbenv/versions/2.5.1/lib/ruby/gems/2.5.0/gems/actionview-5.2.2/lib/assets/compiled
  /Users/youngchullim/Desktop/home/bootcamp/week8/bench_BNB/node_modules):
     5:     <%= csrf_meta_tags %>
     6:     <%= csp_meta_tag %>
     7: 
     8:     <%= stylesheet_link_tag    'application', media: 'all' %>
     9:     <%= javascript_include_tag 'application' %>
    10:   </head>
    11: 
  
app/assets/javascripts/application.js:15
app/views/layouts/application.html.erb:8:in `_app_views_layouts_application_html_erb___3964835693616196618_70151768200780'
Started GET "/api" for 127.0.0.1 at 2019-02-25 11:59:57 -0800
  
ActionController::RoutingError (No route matches [GET] "/api"):
  
actionpack (5.2.2) lib/action_dispatch/middleware/debug_exceptions.rb:65:in `call'
web-console (3.7.0) lib/web_console/middleware.rb:135:in `call_app'
web-console (3.7.0) lib/web_console/middleware.rb:30:in `block in call'
web-console (3.7.0) lib/web_console/middleware.rb:20:in `catch'
web-console (3.7.0) lib/web_console/middleware.rb:20:in `call'
actionpack (5.2.2) lib/action_dispatch/middleware/show_exceptions.rb:33:in `call'
railties (5.2.2) lib/rails/rack/logger.rb:38:in `call_app'
railties (5.2.2) lib/rails/rack/logger.rb:26:in `block in call'
activesupport (5.2.2) lib/active_support/tagged_logging.rb:71:in `block in tagged'
activesupport (5.2.2) lib/active_support/tagged_logging.rb:28:in `tagged'
activesupport (5.2.2) lib/active_support/tagged_logging.rb:71:in `tagged'
railties (5.2.2) lib/rails/rack/logger.rb:26:in `call'
sprockets-rails (3.2.1) lib/sprockets/rails/quiet_assets.rb:13:in `call'
actionpack (5.2.2) lib/action_dispatch/middleware/remote_ip.rb:81:in `call'
actionpack (5.2.2) lib/action_dispatch/middleware/request_id.rb:27:in `call'
rack (2.0.6) lib/rack/method_override.rb:22:in `call'
rack (2.0.6) lib/rack/runtime.rb:22:in `call'
activesupport (5.2.2) lib/active_support/cache/strategy/local_cache_middleware.rb:29:in `call'
actionpack (5.2.2) lib/action_dispatch/middleware/executor.rb:14:in `call'
actionpack (5.2.2) lib/action_dispatch/middleware/static.rb:127:in `call'
rack (2.0.6) lib/rack/sendfile.rb:111:in `call'
railties (5.2.2) lib/rails/engine.rb:524:in `call'
puma (3.12.0) lib/puma/configuration.rb:225:in `call'
puma (3.12.0) lib/puma/server.rb:658:in `handle_request'
puma (3.12.0) lib/puma/server.rb:472:in `process_client'
puma (3.12.0) lib/puma/server.rb:332:in `block in run'
puma (3.12.0) lib/puma/thread_pool.rb:133:in `block in spawn_thread'
Started GET "/" for 127.0.0.1 at 2019-02-25 12:00:02 -0800
Processing by StaticPagesController#root as HTML
  Rendering static_pages/root.html.erb within layouts/application
  Rendered static_pages/root.html.erb within layouts/application (0.3ms)
Completed 500 Internal Server Error in 20ms (ActiveRecord: 0.0ms)


  
ActionView::Template::Error (couldn't find file 'jquery' with type 'application/javascript'
Checked in these paths: 
  /Users/youngchullim/Desktop/home/bootcamp/week8/bench_BNB/app/assets/config
  /Users/youngchullim/Desktop/home/bootcamp/week8/bench_BNB/app/assets/images
  /Users/youngchullim/Desktop/home/bootcamp/week8/bench_BNB/app/assets/javascripts
  /Users/youngchullim/Desktop/home/bootcamp/week8/bench_BNB/app/assets/stylesheets
  /Users/youngchullim/.rbenv/versions/2.5.1/lib/ruby/gems/2.5.0/gems/coffee-rails-4.2.2/lib/assets/javascripts
  /Users/youngchullim/.rbenv/versions/2.5.1/lib/ruby/gems/2.5.0/gems/actioncable-5.2.2/lib/assets/compiled
  /Users/youngchullim/.rbenv/versions/2.5.1/lib/ruby/gems/2.5.0/gems/activestorage-5.2.2/app/assets/javascripts
  /Users/youngchullim/.rbenv/versions/2.5.1/lib/ruby/gems/2.5.0/gems/actionview-5.2.2/lib/assets/compiled
  /Users/youngchullim/Desktop/home/bootcamp/week8/bench_BNB/node_modules):
     5:     <%= csrf_meta_tags %>
     6:     <%= csp_meta_tag %>
     7: 
     8:     <%= stylesheet_link_tag    'application', media: 'all' %>
     9:     <%= javascript_include_tag 'application' %>
    10:   </head>
    11: 
  
app/assets/javascripts/application.js:15
app/views/layouts/application.html.erb:8:in `_app_views_layouts_application_html_erb___3964835693616196618_70151751347640'
Started GET "/" for 127.0.0.1 at 2019-02-25 12:03:10 -0800
Processing by StaticPagesController#root as HTML
  Rendering static_pages/root.html.erb within layouts/application
  Rendered static_pages/root.html.erb within layouts/application (0.3ms)
Completed 500 Internal Server Error in 21ms (ActiveRecord: 0.0ms)


  
ActionView::Template::Error (couldn't find file 'jquery' with type 'application/javascript'
Checked in these paths: 
  /Users/youngchullim/Desktop/home/bootcamp/week8/bench_BNB/app/assets/config
  /Users/youngchullim/Desktop/home/bootcamp/week8/bench_BNB/app/assets/images
  /Users/youngchullim/Desktop/home/bootcamp/week8/bench_BNB/app/assets/javascripts
  /Users/youngchullim/Desktop/home/bootcamp/week8/bench_BNB/app/assets/stylesheets
  /Users/youngchullim/.rbenv/versions/2.5.1/lib/ruby/gems/2.5.0/gems/coffee-rails-4.2.2/lib/assets/javascripts
  /Users/youngchullim/.rbenv/versions/2.5.1/lib/ruby/gems/2.5.0/gems/actioncable-5.2.2/lib/assets/compiled
  /Users/youngchullim/.rbenv/versions/2.5.1/lib/ruby/gems/2.5.0/gems/activestorage-5.2.2/app/assets/javascripts
  /Users/youngchullim/.rbenv/versions/2.5.1/lib/ruby/gems/2.5.0/gems/actionview-5.2.2/lib/assets/compiled
  /Users/youngchullim/Desktop/home/bootcamp/week8/bench_BNB/node_modules):
     5:     <%= csrf_meta_tags %>
     6:     <%= csp_meta_tag %>
     7: 
     8:     <%= stylesheet_link_tag    'application', media: 'all' %>
     9:     <%= javascript_include_tag 'application' %>
    10:   </head>
    11: 
  
app/assets/javascripts/application.js:16
app/views/layouts/application.html.erb:8:in `_app_views_layouts_application_html_erb___3964835693616196618_70151812598800'
Started GET "/" for 127.0.0.1 at 2019-02-25 12:03:29 -0800
Processing by StaticPagesController#root as HTML
  Rendering static_pages/root.html.erb within layouts/application
  Rendered static_pages/root.html.erb within layouts/application (0.3ms)
Completed 500 Internal Server Error in 19ms (ActiveRecord: 0.0ms)


  
ActionView::Template::Error (couldn't find file 'jquery' with type 'application/javascript'
Checked in these paths: 
  /Users/youngchullim/Desktop/home/bootcamp/week8/bench_BNB/app/assets/config
  /Users/youngchullim/Desktop/home/bootcamp/week8/bench_BNB/app/assets/images
  /Users/youngchullim/Desktop/home/bootcamp/week8/bench_BNB/app/assets/javascripts
  /Users/youngchullim/Desktop/home/bootcamp/week8/bench_BNB/app/assets/stylesheets
  /Users/youngchullim/.rbenv/versions/2.5.1/lib/ruby/gems/2.5.0/gems/coffee-rails-4.2.2/lib/assets/javascripts
  /Users/youngchullim/.rbenv/versions/2.5.1/lib/ruby/gems/2.5.0/gems/actioncable-5.2.2/lib/assets/compiled
  /Users/youngchullim/.rbenv/versions/2.5.1/lib/ruby/gems/2.5.0/gems/activestorage-5.2.2/app/assets/javascripts
  /Users/youngchullim/.rbenv/versions/2.5.1/lib/ruby/gems/2.5.0/gems/actionview-5.2.2/lib/assets/compiled
  /Users/youngchullim/Desktop/home/bootcamp/week8/bench_BNB/node_modules):
     5:     <%= csrf_meta_tags %>
     6:     <%= csp_meta_tag %>
     7: 
     8:     <%= stylesheet_link_tag    'application', media: 'all' %>
     9:     <%= javascript_include_tag 'application' %>
    10:   </head>
    11: 
  
app/assets/javascripts/application.js:16
app/views/layouts/application.html.erb:8:in `_app_views_layouts_application_html_erb___3964835693616196618_70151760076440'
Started PUT "/__web_console/repl_sessions/01b9f4ddace5d55f366b86957acd250b" for 127.0.0.1 at 2019-02-25 12:06:52 -0800
Started PUT "/__web_console/repl_sessions/01b9f4ddace5d55f366b86957acd250b" for 127.0.0.1 at 2019-02-25 12:06:54 -0800
Started PUT "/__web_console/repl_sessions/01b9f4ddace5d55f366b86957acd250b" for 127.0.0.1 at 2019-02-25 12:06:56 -0800
Started PUT "/__web_console/repl_sessions/01b9f4ddace5d55f366b86957acd250b" for 127.0.0.1 at 2019-02-25 12:07:02 -0800
Started PUT "/__web_console/repl_sessions/01b9f4ddace5d55f366b86957acd250b" for 127.0.0.1 at 2019-02-25 12:07:03 -0800
Started PUT "/__web_console/repl_sessions/01b9f4ddace5d55f366b86957acd250b" for 127.0.0.1 at 2019-02-25 12:07:05 -0800
Started PUT "/__web_console/repl_sessions/01b9f4ddace5d55f366b86957acd250b" for 127.0.0.1 at 2019-02-25 12:07:06 -0800
Started PUT "/__web_console/repl_sessions/01b9f4ddace5d55f366b86957acd250b" for 127.0.0.1 at 2019-02-25 12:07:10 -0800
Started PUT "/__web_console/repl_sessions/01b9f4ddace5d55f366b86957acd250b" for 127.0.0.1 at 2019-02-25 12:07:12 -0800
Started PUT "/__web_console/repl_sessions/01b9f4ddace5d55f366b86957acd250b" for 127.0.0.1 at 2019-02-25 12:07:13 -0800
Started PUT "/__web_console/repl_sessions/01b9f4ddace5d55f366b86957acd250b" for 127.0.0.1 at 2019-02-25 12:07:13 -0800
Started GET "/" for 127.0.0.1 at 2019-02-25 12:07:17 -0800
Processing by StaticPagesController#root as HTML
  Rendering static_pages/root.html.erb within layouts/application
  Rendered static_pages/root.html.erb within layouts/application (0.2ms)
Completed 500 Internal Server Error in 20ms (ActiveRecord: 0.0ms)


  
ActionView::Template::Error (couldn't find file 'jquery' with type 'application/javascript'
Checked in these paths: 
  /Users/youngchullim/Desktop/home/bootcamp/week8/bench_BNB/app/assets/config
  /Users/youngchullim/Desktop/home/bootcamp/week8/bench_BNB/app/assets/images
  /Users/youngchullim/Desktop/home/bootcamp/week8/bench_BNB/app/assets/javascripts
  /Users/youngchullim/Desktop/home/bootcamp/week8/bench_BNB/app/assets/stylesheets
  /Users/youngchullim/.rbenv/versions/2.5.1/lib/ruby/gems/2.5.0/gems/coffee-rails-4.2.2/lib/assets/javascripts
  /Users/youngchullim/.rbenv/versions/2.5.1/lib/ruby/gems/2.5.0/gems/actioncable-5.2.2/lib/assets/compiled
  /Users/youngchullim/.rbenv/versions/2.5.1/lib/ruby/gems/2.5.0/gems/activestorage-5.2.2/app/assets/javascripts
  /Users/youngchullim/.rbenv/versions/2.5.1/lib/ruby/gems/2.5.0/gems/actionview-5.2.2/lib/assets/compiled
  /Users/youngchullim/Desktop/home/bootcamp/week8/bench_BNB/node_modules):
     5:     <%= csrf_meta_tags %>
     6:     <%= csp_meta_tag %>
     7: 
     8:     <%= stylesheet_link_tag    'application', media: 'all' %>
     9:     <%= javascript_include_tag 'application' %>
    10:   </head>
    11: 
  
app/assets/javascripts/application.js:16
app/views/layouts/application.html.erb:8:in `_app_views_layouts_application_html_erb___3964835693616196618_70151775951780'
Started GET "/" for 127.0.0.1 at 2019-02-25 12:13:23 -0800
  [1m[35m (0.9ms)[0m  [1m[34mSELECT "schema_migrations"."version" FROM "schema_migrations" ORDER BY "schema_migrations"."version" ASC[0m
  ↳ /Users/youngchullim/.rbenv/versions/2.5.1/lib/ruby/gems/2.5.0/gems/activerecord-5.2.2/lib/active_record/log_subscriber.rb:98
Processing by StaticPagesController#root as HTML
  Rendering static_pages/root.html.erb within layouts/application
  Rendered static_pages/root.html.erb within layouts/application (1.0ms)
Completed 500 Internal Server Error in 169ms (ActiveRecord: 0.0ms)


  
ActionView::Template::Error (couldn't find file 'jquery' with type 'application/javascript'
Checked in these paths: 
  /Users/youngchullim/Desktop/home/bootcamp/week8/bench_BNB/app/assets/config
  /Users/youngchullim/Desktop/home/bootcamp/week8/bench_BNB/app/assets/images
  /Users/youngchullim/Desktop/home/bootcamp/week8/bench_BNB/app/assets/javascripts
  /Users/youngchullim/Desktop/home/bootcamp/week8/bench_BNB/app/assets/stylesheets
  /Users/youngchullim/.rbenv/versions/2.5.1/lib/ruby/gems/2.5.0/gems/coffee-rails-4.2.2/lib/assets/javascripts
  /Users/youngchullim/.rbenv/versions/2.5.1/lib/ruby/gems/2.5.0/gems/actioncable-5.2.2/lib/assets/compiled
  /Users/youngchullim/.rbenv/versions/2.5.1/lib/ruby/gems/2.5.0/gems/activestorage-5.2.2/app/assets/javascripts
  /Users/youngchullim/.rbenv/versions/2.5.1/lib/ruby/gems/2.5.0/gems/actionview-5.2.2/lib/assets/compiled
  /Users/youngchullim/Desktop/home/bootcamp/week8/bench_BNB/node_modules):
     5:     <%= csrf_meta_tags %>
     6:     <%= csp_meta_tag %>
     7: 
     8:     <%= stylesheet_link_tag    'application', media: 'all' %>
     9:     <%= javascript_include_tag 'application' %>
    10:   </head>
    11: 
  
app/assets/javascripts/application.js:16
app/views/layouts/application.html.erb:8:in `_app_views_layouts_application_html_erb___339549575349740131_70238880985720'
Started GET "/" for 127.0.0.1 at 2019-02-25 12:13:26 -0800
Processing by StaticPagesController#root as HTML
  Rendering static_pages/root.html.erb within layouts/application
  Rendered static_pages/root.html.erb within layouts/application (0.6ms)
Completed 500 Internal Server Error in 37ms (ActiveRecord: 0.0ms)


  
ActionView::Template::Error (couldn't find file 'jquery' with type 'application/javascript'
Checked in these paths: 
  /Users/youngchullim/Desktop/home/bootcamp/week8/bench_BNB/app/assets/config
  /Users/youngchullim/Desktop/home/bootcamp/week8/bench_BNB/app/assets/images
  /Users/youngchullim/Desktop/home/bootcamp/week8/bench_BNB/app/assets/javascripts
  /Users/youngchullim/Desktop/home/bootcamp/week8/bench_BNB/app/assets/stylesheets
  /Users/youngchullim/.rbenv/versions/2.5.1/lib/ruby/gems/2.5.0/gems/coffee-rails-4.2.2/lib/assets/javascripts
  /Users/youngchullim/.rbenv/versions/2.5.1/lib/ruby/gems/2.5.0/gems/actioncable-5.2.2/lib/assets/compiled
  /Users/youngchullim/.rbenv/versions/2.5.1/lib/ruby/gems/2.5.0/gems/activestorage-5.2.2/app/assets/javascripts
  /Users/youngchullim/.rbenv/versions/2.5.1/lib/ruby/gems/2.5.0/gems/actionview-5.2.2/lib/assets/compiled
  /Users/youngchullim/Desktop/home/bootcamp/week8/bench_BNB/node_modules):
     5:     <%= csrf_meta_tags %>
     6:     <%= csp_meta_tag %>
     7: 
     8:     <%= stylesheet_link_tag    'application', media: 'all' %>
     9:     <%= javascript_include_tag 'application' %>
    10:   </head>
    11: 
  
app/assets/javascripts/application.js:16
app/views/layouts/application.html.erb:8:in `_app_views_layouts_application_html_erb___339549575349740131_70238938955180'
Started GET "/" for 127.0.0.1 at 2019-02-25 12:13:57 -0800
  [1m[35m (0.8ms)[0m  [1m[34mSELECT "schema_migrations"."version" FROM "schema_migrations" ORDER BY "schema_migrations"."version" ASC[0m
  ↳ /Users/youngchullim/.rbenv/versions/2.5.1/lib/ruby/gems/2.5.0/gems/activerecord-5.2.2/lib/active_record/log_subscriber.rb:98
Processing by StaticPagesController#root as HTML
  Rendering static_pages/root.html.erb within layouts/application
  Rendered static_pages/root.html.erb within layouts/application (0.7ms)
Completed 500 Internal Server Error in 167ms (ActiveRecord: 0.0ms)


  
ActionView::Template::Error (couldn't find file 'jquery' with type 'application/javascript'
Checked in these paths: 
  /Users/youngchullim/Desktop/home/bootcamp/week8/bench_BNB/app/assets/config
  /Users/youngchullim/Desktop/home/bootcamp/week8/bench_BNB/app/assets/images
  /Users/youngchullim/Desktop/home/bootcamp/week8/bench_BNB/app/assets/javascripts
  /Users/youngchullim/Desktop/home/bootcamp/week8/bench_BNB/app/assets/stylesheets
  /Users/youngchullim/.rbenv/versions/2.5.1/lib/ruby/gems/2.5.0/gems/coffee-rails-4.2.2/lib/assets/javascripts
  /Users/youngchullim/.rbenv/versions/2.5.1/lib/ruby/gems/2.5.0/gems/actioncable-5.2.2/lib/assets/compiled
  /Users/youngchullim/.rbenv/versions/2.5.1/lib/ruby/gems/2.5.0/gems/activestorage-5.2.2/app/assets/javascripts
  /Users/youngchullim/.rbenv/versions/2.5.1/lib/ruby/gems/2.5.0/gems/actionview-5.2.2/lib/assets/compiled
  /Users/youngchullim/Desktop/home/bootcamp/week8/bench_BNB/node_modules):
     5:     <%= csrf_meta_tags %>
     6:     <%= csp_meta_tag %>
     7: 
     8:     <%= stylesheet_link_tag    'application', media: 'all' %>
     9:     <%= javascript_include_tag 'application' %>
    10:   </head>
    11: 
  
app/assets/javascripts/application.js:16
app/views/layouts/application.html.erb:8:in `_app_views_layouts_application_html_erb__2269479732381608309_70148527731460'
Started GET "/" for 127.0.0.1 at 2019-02-25 12:14:02 -0800
Processing by StaticPagesController#root as HTML
  Rendering static_pages/root.html.erb within layouts/application
  Rendered static_pages/root.html.erb within layouts/application (0.3ms)
Completed 500 Internal Server Error in 18ms (ActiveRecord: 0.0ms)


  
ActionView::Template::Error (couldn't find file 'jquery' with type 'application/javascript'
Checked in these paths: 
  /Users/youngchullim/Desktop/home/bootcamp/week8/bench_BNB/app/assets/config
  /Users/youngchullim/Desktop/home/bootcamp/week8/bench_BNB/app/assets/images
  /Users/youngchullim/Desktop/home/bootcamp/week8/bench_BNB/app/assets/javascripts
  /Users/youngchullim/Desktop/home/bootcamp/week8/bench_BNB/app/assets/stylesheets
  /Users/youngchullim/.rbenv/versions/2.5.1/lib/ruby/gems/2.5.0/gems/coffee-rails-4.2.2/lib/assets/javascripts
  /Users/youngchullim/.rbenv/versions/2.5.1/lib/ruby/gems/2.5.0/gems/actioncable-5.2.2/lib/assets/compiled
  /Users/youngchullim/.rbenv/versions/2.5.1/lib/ruby/gems/2.5.0/gems/activestorage-5.2.2/app/assets/javascripts
  /Users/youngchullim/.rbenv/versions/2.5.1/lib/ruby/gems/2.5.0/gems/actionview-5.2.2/lib/assets/compiled
  /Users/youngchullim/Desktop/home/bootcamp/week8/bench_BNB/node_modules):
     5:     <%= csrf_meta_tags %>
     6:     <%= csp_meta_tag %>
     7: 
     8:     <%= stylesheet_link_tag    'application', media: 'all' %>
     9:     <%= javascript_include_tag 'application' %>
    10:   </head>
    11: 
  
app/assets/javascripts/application.js:16
app/views/layouts/application.html.erb:8:in `_app_views_layouts_application_html_erb__2269479732381608309_70148528250420'
Started GET "/" for 127.0.0.1 at 2019-02-25 12:16:36 -0800
  [1m[35m (1.7ms)[0m  [1m[34mSELECT "schema_migrations"."version" FROM "schema_migrations" ORDER BY "schema_migrations"."version" ASC[0m
  ↳ /Users/youngchullim/.rbenv/versions/2.5.1/lib/ruby/gems/2.5.0/gems/activerecord-5.2.2/lib/active_record/log_subscriber.rb:98
Processing by StaticPagesController#root as HTML
  Rendering static_pages/root.html.erb within layouts/application
  Rendered static_pages/root.html.erb within layouts/application (1.0ms)
Completed 200 OK in 1707ms (Views: 1703.5ms | ActiveRecord: 0.0ms)


Started GET "/" for 127.0.0.1 at 2019-02-25 12:19:04 -0800
Processing by StaticPagesController#root as HTML
  Rendering static_pages/root.html.erb within layouts/application
  Rendered static_pages/root.html.erb within layouts/application (0.3ms)
Completed 200 OK in 360ms (Views: 357.2ms | ActiveRecord: 0.0ms)


Started GET "/" for 127.0.0.1 at 2019-02-25 15:32:22 -0800
Processing by StaticPagesController#root as HTML
  Rendering static_pages/root.html.erb within layouts/application
  Rendered static_pages/root.html.erb within layouts/application (0.4ms)
Completed 200 OK in 350ms (Views: 347.7ms | ActiveRecord: 0.0ms)


Started GET "/" for 127.0.0.1 at 2019-02-25 16:09:05 -0800
Processing by StaticPagesController#root as HTML
  Rendering static_pages/root.html.erb within layouts/application
  Rendered static_pages/root.html.erb within layouts/application (0.4ms)
Completed 200 OK in 349ms (Views: 346.2ms | ActiveRecord: 0.0ms)


Started GET "/" for 127.0.0.1 at 2019-02-25 16:15:04 -0800
Processing by StaticPagesController#root as HTML
  Rendering static_pages/root.html.erb within layouts/application
  Rendered static_pages/root.html.erb within layouts/application (0.3ms)
Completed 200 OK in 329ms (Views: 326.3ms | ActiveRecord: 0.0ms)


Started GET "/" for 127.0.0.1 at 2019-02-25 16:15:18 -0800
Processing by StaticPagesController#root as HTML
  Rendering static_pages/root.html.erb within layouts/application
  Rendered static_pages/root.html.erb within layouts/application (0.3ms)
Completed 200 OK in 358ms (Views: 355.2ms | ActiveRecord: 0.0ms)


Started GET "/" for 127.0.0.1 at 2019-02-25 16:15:28 -0800
Processing by StaticPagesController#root as HTML
  Rendering static_pages/root.html.erb within layouts/application
  Rendered static_pages/root.html.erb within layouts/application (0.3ms)
Completed 200 OK in 397ms (Views: 394.5ms | ActiveRecord: 0.0ms)


Started GET "/" for 127.0.0.1 at 2019-02-25 16:29:32 -0800
Processing by StaticPagesController#root as HTML
  Rendering static_pages/root.html.erb within layouts/application
  Rendered static_pages/root.html.erb within layouts/application (0.3ms)
Completed 200 OK in 30ms (Views: 28.1ms | ActiveRecord: 0.0ms)


Started GET "/" for 127.0.0.1 at 2019-02-25 16:29:38 -0800
Processing by StaticPagesController#root as HTML
  Rendering static_pages/root.html.erb within layouts/application
  Rendered static_pages/root.html.erb within layouts/application (0.4ms)
Completed 200 OK in 26ms (Views: 23.5ms | ActiveRecord: 0.0ms)


Started GET "/" for 127.0.0.1 at 2019-02-25 17:02:11 -0800
Processing by StaticPagesController#root as HTML
  Rendering static_pages/root.html.erb within layouts/application
  Rendered static_pages/root.html.erb within layouts/application (0.3ms)
Completed 200 OK in 43ms (Views: 40.6ms | ActiveRecord: 0.0ms)


Started GET "/" for 127.0.0.1 at 2019-02-25 17:02:13 -0800
Processing by StaticPagesController#root as HTML
  Rendering static_pages/root.html.erb within layouts/application
  Rendered static_pages/root.html.erb within layouts/application (0.3ms)
Completed 200 OK in 37ms (Views: 34.1ms | ActiveRecord: 0.0ms)


Started GET "/" for 127.0.0.1 at 2019-02-25 17:02:18 -0800
Processing by StaticPagesController#root as HTML
  Rendering static_pages/root.html.erb within layouts/application
  Rendered static_pages/root.html.erb within layouts/application (0.4ms)
Completed 200 OK in 31ms (Views: 28.0ms | ActiveRecord: 0.0ms)


Started GET "/" for 127.0.0.1 at 2019-02-25 17:02:22 -0800
Processing by StaticPagesController#root as HTML
  Rendering static_pages/root.html.erb within layouts/application
  Rendered static_pages/root.html.erb within layouts/application (0.6ms)
Completed 200 OK in 34ms (Views: 31.0ms | ActiveRecord: 0.0ms)


Started GET "/" for 127.0.0.1 at 2019-02-25 17:02:44 -0800
Processing by StaticPagesController#root as HTML
  Rendering static_pages/root.html.erb within layouts/application
  Rendered static_pages/root.html.erb within layouts/application (0.3ms)
Completed 200 OK in 44ms (Views: 41.6ms | ActiveRecord: 0.0ms)


Started GET "/" for 127.0.0.1 at 2019-02-25 17:05:33 -0800
Processing by StaticPagesController#root as HTML
  Rendering static_pages/root.html.erb within layouts/application
  Rendered static_pages/root.html.erb within layouts/application (0.3ms)
Completed 200 OK in 341ms (Views: 339.3ms | ActiveRecord: 0.0ms)


Started GET "/" for 127.0.0.1 at 2019-02-25 17:05:51 -0800
Processing by StaticPagesController#root as HTML
  Rendering static_pages/root.html.erb within layouts/application
  Rendered static_pages/root.html.erb within layouts/application (0.3ms)
Completed 200 OK in 340ms (Views: 337.1ms | ActiveRecord: 0.0ms)


Started POST "/api/users" for 127.0.0.1 at 2019-02-25 17:12:04 -0800
Processing by Api::UsersController#create as JSON
  Parameters: {"user"=>{"username"=>"", "password"=>"[FILTERED]"}}
Started POST "/api/users" for 127.0.0.1 at 2019-02-25 17:12:04 -0800
Processing by Api::UsersController#create as JSON
  Parameters: {"user"=>{"username"=>"y", "password"=>"[FILTERED]"}}
No template found for Api::UsersController#create, rendering head :no_content
Completed 204 No Content in 194ms (ActiveRecord: 0.0ms)


Started POST "/api/users" for 127.0.0.1 at 2019-02-25 17:12:04 -0800
Processing by Api::UsersController#create as JSON
  Parameters: {"user"=>{"username"=>"yo", "password"=>"[FILTERED]"}}
Started POST "/api/users" for 127.0.0.1 at 2019-02-25 17:12:04 -0800
Processing by Api::UsersController#create as JSON
  Parameters: {"user"=>{"username"=>"you", "password"=>"[FILTERED]"}}
No template found for Api::UsersController#create, rendering head :no_content
Completed 204 No Content in 319ms (ActiveRecord: 0.0ms)


Started POST "/api/users" for 127.0.0.1 at 2019-02-25 17:12:04 -0800
Processing by Api::UsersController#create as JSON
  Parameters: {"user"=>{"username"=>"youn", "password"=>"[FILTERED]"}}
No template found for Api::UsersController#create, rendering head :no_content
Completed 204 No Content in 344ms (ActiveRecord: 0.0ms)


No template found for Api::UsersController#create, rendering head :no_content
Completed 204 No Content in 383ms (ActiveRecord: 0.0ms)


No template found for Api::UsersController#create, rendering head :no_content
Completed 204 No Content in 314ms (ActiveRecord: 0.0ms)


Started POST "/api/users" for 127.0.0.1 at 2019-02-25 17:12:06 -0800
Processing by Api::UsersController#create as JSON
  Parameters: {"user"=>{"username"=>"young", "password"=>"[FILTERED]"}}
No template found for Api::UsersController#create, rendering head :no_content
Completed 204 No Content in 135ms (ActiveRecord: 0.0ms)


Started POST "/api/users" for 127.0.0.1 at 2019-02-25 17:12:06 -0800
Processing by Api::UsersController#create as JSON
  Parameters: {"user"=>{"username"=>"young", "password"=>"[FILTERED]"}}
Started POST "/api/users" for 127.0.0.1 at 2019-02-25 17:12:06 -0800
Processing by Api::UsersController#create as JSON
  Parameters: {"user"=>{"username"=>"young", "password"=>"[FILTERED]"}}
No template found for Api::UsersController#create, rendering head :no_content
Completed 204 No Content in 186ms (ActiveRecord: 0.0ms)


No template found for Api::UsersController#create, rendering head :no_content
Completed 204 No Content in 232ms (ActiveRecord: 0.0ms)


Started POST "/api/users" for 127.0.0.1 at 2019-02-25 17:12:06 -0800
Processing by Api::UsersController#create as JSON
  Parameters: {"user"=>{"username"=>"young", "password"=>"[FILTERED]"}}
No template found for Api::UsersController#create, rendering head :no_content
Completed 204 No Content in 144ms (ActiveRecord: 0.0ms)


Started POST "/api/users" for 127.0.0.1 at 2019-02-25 17:12:06 -0800
Processing by Api::UsersController#create as JSON
  Parameters: {"user"=>{"username"=>"young", "password"=>"[FILTERED]"}}
No template found for Api::UsersController#create, rendering head :no_content
Completed 204 No Content in 141ms (ActiveRecord: 0.0ms)


Started POST "/api/users" for 127.0.0.1 at 2019-02-25 17:12:07 -0800
Processing by Api::UsersController#create as JSON
  Parameters: {"user"=>{"username"=>"young", "password"=>"[FILTERED]"}}
No template found for Api::UsersController#create, rendering head :no_content
Completed 204 No Content in 133ms (ActiveRecord: 0.0ms)


Started POST "/api/users" for 127.0.0.1 at 2019-02-25 17:12:07 -0800
Processing by Api::UsersController#create as JSON
  Parameters: {"user"=>{"username"=>"young", "password"=>"[FILTERED]"}}
No template found for Api::UsersController#create, rendering head :no_content
Completed 204 No Content in 142ms (ActiveRecord: 0.0ms)


Started POST "/api/users" for 127.0.0.1 at 2019-02-25 17:12:07 -0800
Processing by Api::UsersController#create as JSON
  Parameters: {"user"=>{"username"=>"young", "password"=>"[FILTERED]"}}
No template found for Api::UsersController#create, rendering head :no_content
Completed 204 No Content in 138ms (ActiveRecord: 0.0ms)


Started GET "/" for 127.0.0.1 at 2019-02-25 17:12:07 -0800
Processing by StaticPagesController#root as HTML
  Rendering static_pages/root.html.erb within layouts/application
  Rendered static_pages/root.html.erb within layouts/application (0.3ms)
Completed 200 OK in 27ms (Views: 24.6ms | ActiveRecord: 0.0ms)


Started POST "/api/session" for 127.0.0.1 at 2019-02-25 17:12:12 -0800

NameError - uninitialized constant Api::SessionController:

Started POST "/api/session" for 127.0.0.1 at 2019-02-25 17:12:13 -0800

NameError - uninitialized constant Api::SessionController:

Started POST "/api/session" for 127.0.0.1 at 2019-02-25 17:12:13 -0800

NameError - uninitialized constant Api::SessionController:

Started POST "/api/session" for 127.0.0.1 at 2019-02-25 17:12:13 -0800

NameError - uninitialized constant Api::SessionController:

Started POST "/api/session" for 127.0.0.1 at 2019-02-25 17:12:13 -0800

NameError - uninitialized constant Api::SessionController:

Started POST "/api/session" for 127.0.0.1 at 2019-02-25 17:12:14 -0800

NameError - uninitialized constant Api::SessionController:

Started POST "/api/session" for 127.0.0.1 at 2019-02-25 17:12:14 -0800

NameError - uninitialized constant Api::SessionController:

Started POST "/api/session" for 127.0.0.1 at 2019-02-25 17:12:14 -0800

NameError - uninitialized constant Api::SessionController:

Started POST "/api/session" for 127.0.0.1 at 2019-02-25 17:12:14 -0800

NameError - uninitialized constant Api::SessionController:

Started POST "/api/session" for 127.0.0.1 at 2019-02-25 17:12:14 -0800

NameError - uninitialized constant Api::SessionController:

Started POST "/api/session" for 127.0.0.1 at 2019-02-25 17:12:14 -0800

NameError - uninitialized constant Api::SessionController:

Started POST "/api/session" for 127.0.0.1 at 2019-02-25 17:12:14 -0800

NameError - uninitialized constant Api::SessionController:

Started POST "/api/session" for 127.0.0.1 at 2019-02-25 17:12:15 -0800

NameError - uninitialized constant Api::SessionController:

Started GET "/" for 127.0.0.1 at 2019-02-25 17:19:34 -0800
Processing by StaticPagesController#root as HTML
  Rendering static_pages/root.html.erb within layouts/application
  [1m[36mUser Load (33.6ms)[0m  [1m[34mSELECT  "users".* FROM "users" WHERE "users"."session_token" IS NULL LIMIT $1[0m  [["LIMIT", 1]]
  ↳ app/controllers/application_controller.rb:11
  Rendered static_pages/root.html.erb within layouts/application (106.4ms)
Completed 200 OK in 143ms (Views: 57.0ms | ActiveRecord: 84.1ms)


Started GET "/" for 127.0.0.1 at 2019-02-25 17:19:38 -0800
Processing by StaticPagesController#root as HTML
  Rendering static_pages/root.html.erb within layouts/application
  [1m[36mUser Load (0.4ms)[0m  [1m[34mSELECT  "users".* FROM "users" WHERE "users"."session_token" IS NULL LIMIT $1[0m  [["LIMIT", 1]]
  ↳ app/controllers/application_controller.rb:11
  Rendered static_pages/root.html.erb within layouts/application (2.0ms)
Completed 200 OK in 33ms (Views: 28.7ms | ActiveRecord: 0.4ms)


Started POST "/api/users" for 127.0.0.1 at 2019-02-25 17:19:41 -0800
Processing by Api::UsersController#create as JSON
  Parameters: {"user"=>{"username"=>"", "password"=>"[FILTERED]"}}
Started POST "/api/users" for 127.0.0.1 at 2019-02-25 17:19:42 -0800
Processing by Api::UsersController#create as JSON
  Parameters: {"user"=>{"username"=>"y", "password"=>"[FILTERED]"}}
No template found for Api::UsersController#create, rendering head :no_content
Completed 204 No Content in 155ms (ActiveRecord: 0.0ms)


Started POST "/api/users" for 127.0.0.1 at 2019-02-25 17:19:42 -0800
Processing by Api::UsersController#create as JSON
  Parameters: {"user"=>{"username"=>"yo", "password"=>"[FILTERED]"}}
Started POST "/api/users" for 127.0.0.1 at 2019-02-25 17:19:42 -0800
No template found for Api::UsersController#create, rendering head :no_content
Completed 204 No Content in 260ms (ActiveRecord: 0.0ms)


Processing by Api::UsersController#create as JSON
  Parameters: {"user"=>{"username"=>"you", "password"=>"[FILTERED]"}}
Started POST "/api/users" for 127.0.0.1 at 2019-02-25 17:19:42 -0800
Processing by Api::UsersController#create as JSON
  Parameters: {"user"=>{"username"=>"youn", "password"=>"[FILTERED]"}}
No template found for Api::UsersController#create, rendering head :no_content
Completed 204 No Content in 305ms (ActiveRecord: 0.0ms)


No template found for Api::UsersController#create, rendering head :no_content
Completed 204 No Content in 312ms (ActiveRecord: 0.0ms)


No template found for Api::UsersController#create, rendering head :no_content
Completed 204 No Content in 318ms (ActiveRecord: 0.0ms)


Started POST "/api/users" for 127.0.0.1 at 2019-02-25 17:19:42 -0800
Processing by Api::UsersController#create as JSON
  Parameters: {"user"=>{"username"=>"young", "password"=>"[FILTERED]"}}
Started POST "/api/users" for 127.0.0.1 at 2019-02-25 17:19:43 -0800
No template found for Api::UsersController#create, rendering head :no_content
Completed 204 No Content in 137ms (ActiveRecord: 0.0ms)


Processing by Api::UsersController#create as JSON
  Parameters: {"user"=>{"username"=>"young", "password"=>"[FILTERED]"}}
Started POST "/api/users" for 127.0.0.1 at 2019-02-25 17:19:43 -0800
Processing by Api::UsersController#create as JSON
  Parameters: {"user"=>{"username"=>"young", "password"=>"[FILTERED]"}}
No template found for Api::UsersController#create, rendering head :no_content
Completed 204 No Content in 186ms (ActiveRecord: 0.0ms)


Started POST "/api/users" for 127.0.0.1 at 2019-02-25 17:19:43 -0800
Processing by Api::UsersController#create as JSON
  Parameters: {"user"=>{"username"=>"young", "password"=>"[FILTERED]"}}
No template found for Api::UsersController#create, rendering head :no_content
Completed 204 No Content in 280ms (ActiveRecord: 0.0ms)


No template found for Api::UsersController#create, rendering head :no_content
Started POST "/api/users" for 127.0.0.1 at 2019-02-25 17:19:43 -0800
Completed 204 No Content in 236ms (ActiveRecord: 0.0ms)


Processing by Api::UsersController#create as JSON
  Parameters: {"user"=>{"username"=>"young", "password"=>"[FILTERED]"}}
No template found for Api::UsersController#create, rendering head :no_content
Completed 204 No Content in 140ms (ActiveRecord: 0.0ms)


Started POST "/api/users" for 127.0.0.1 at 2019-02-25 17:19:43 -0800
Processing by Api::UsersController#create as JSON
  Parameters: {"user"=>{"username"=>"young", "password"=>"[FILTERED]"}}
No template found for Api::UsersController#create, rendering head :no_content
Completed 204 No Content in 138ms (ActiveRecord: 0.0ms)


Started POST "/api/users" for 127.0.0.1 at 2019-02-25 17:19:43 -0800
Processing by Api::UsersController#create as JSON
  Parameters: {"user"=>{"username"=>"young", "password"=>"[FILTERED]"}}
No template found for Api::UsersController#create, rendering head :no_content
Completed 204 No Content in 139ms (ActiveRecord: 0.0ms)


Started POST "/api/users" for 127.0.0.1 at 2019-02-25 17:19:44 -0800
Processing by Api::UsersController#create as JSON
  Parameters: {"user"=>{"username"=>"young", "password"=>"[FILTERED]"}}
No template found for Api::UsersController#create, rendering head :no_content
Completed 204 No Content in 143ms (ActiveRecord: 0.0ms)


Started GET "/" for 127.0.0.1 at 2019-02-25 17:19:44 -0800
Processing by StaticPagesController#root as HTML
  Rendering static_pages/root.html.erb within layouts/application
  [1m[36mUser Load (1.7ms)[0m  [1m[34mSELECT  "users".* FROM "users" WHERE "users"."session_token" IS NULL LIMIT $1[0m  [["LIMIT", 1]]
  ↳ app/controllers/application_controller.rb:11
  Rendered static_pages/root.html.erb within layouts/application (8.6ms)
Completed 200 OK in 36ms (Views: 26.2ms | ActiveRecord: 6.4ms)


Started GET "/" for 127.0.0.1 at 2019-02-25 17:20:23 -0800
Processing by StaticPagesController#root as HTML
  Rendering static_pages/root.html.erb within layouts/application
  [1m[36mUser Load (0.4ms)[0m  [1m[34mSELECT  "users".* FROM "users" WHERE "users"."session_token" IS NULL LIMIT $1[0m  [["LIMIT", 1]]
  ↳ app/controllers/application_controller.rb:11
  Rendered static_pages/root.html.erb within layouts/application (2.1ms)
Completed 200 OK in 32ms (Views: 29.1ms | ActiveRecord: 0.4ms)


Started GET "/" for 127.0.0.1 at 2019-02-25 17:20:26 -0800
Processing by StaticPagesController#root as HTML
  Rendering static_pages/root.html.erb within layouts/application
  [1m[36mUser Load (0.4ms)[0m  [1m[34mSELECT  "users".* FROM "users" WHERE "users"."session_token" IS NULL LIMIT $1[0m  [["LIMIT", 1]]
  ↳ app/controllers/application_controller.rb:11
  Rendered static_pages/root.html.erb within layouts/application (2.0ms)
Completed 200 OK in 33ms (Views: 29.6ms | ActiveRecord: 0.4ms)


Started GET "/" for 127.0.0.1 at 2019-02-25 17:20:29 -0800
Processing by StaticPagesController#root as HTML
  Rendering static_pages/root.html.erb within layouts/application
  [1m[36mUser Load (0.5ms)[0m  [1m[34mSELECT  "users".* FROM "users" WHERE "users"."session_token" IS NULL LIMIT $1[0m  [["LIMIT", 1]]
  ↳ app/controllers/application_controller.rb:11
  Rendered static_pages/root.html.erb within layouts/application (2.4ms)
Completed 200 OK in 31ms (Views: 28.0ms | ActiveRecord: 0.5ms)


Started POST "/api/session" for 127.0.0.1 at 2019-02-25 17:25:23 -0800

NameError - uninitialized constant Api::SessionController:

Started POST "/api/session" for 127.0.0.1 at 2019-02-25 17:25:24 -0800

NameError - uninitialized constant Api::SessionController:

Started POST "/api/session" for 127.0.0.1 at 2019-02-25 17:25:24 -0800

NameError - uninitialized constant Api::SessionController:

Started POST "/api/session" for 127.0.0.1 at 2019-02-25 17:25:24 -0800

NameError - uninitialized constant Api::SessionController:

Started POST "/api/session" for 127.0.0.1 at 2019-02-25 17:25:25 -0800

NameError - uninitialized constant Api::SessionController:

Started POST "/api/session" for 127.0.0.1 at 2019-02-25 17:25:25 -0800

NameError - uninitialized constant Api::SessionController:

Started POST "/api/session" for 127.0.0.1 at 2019-02-25 17:25:25 -0800

NameError - uninitialized constant Api::SessionController:

Started POST "/api/session" for 127.0.0.1 at 2019-02-25 17:25:25 -0800

NameError - uninitialized constant Api::SessionController:

Started POST "/api/session" for 127.0.0.1 at 2019-02-25 17:25:25 -0800

NameError - uninitialized constant Api::SessionController:

Started POST "/api/session" for 127.0.0.1 at 2019-02-25 17:25:26 -0800

NameError - uninitialized constant Api::SessionController:

Started POST "/api/session" for 127.0.0.1 at 2019-02-25 17:25:26 -0800

NameError - uninitialized constant Api::SessionController:

Started POST "/api/session" for 127.0.0.1 at 2019-02-25 17:25:26 -0800

NameError - uninitialized constant Api::SessionController:

Started POST "/api/session" for 127.0.0.1 at 2019-02-25 17:25:27 -0800

NameError - uninitialized constant Api::SessionController:

Started POST "/api/session" for 127.0.0.1 at 2019-02-25 17:25:27 -0800

NameError - uninitialized constant Api::SessionController:

Started POST "/api/session" for 127.0.0.1 at 2019-02-25 17:25:27 -0800

NameError - uninitialized constant Api::SessionController:

Started POST "/api/session" for 127.0.0.1 at 2019-02-25 17:25:28 -0800

NameError - uninitialized constant Api::SessionController:

Started POST "/api/session" for 127.0.0.1 at 2019-02-25 17:25:28 -0800

NameError - uninitialized constant Api::SessionController:

Started POST "/api/session" for 127.0.0.1 at 2019-02-25 17:25:28 -0800

NameError - uninitialized constant Api::SessionController:

Started POST "/api/session" for 127.0.0.1 at 2019-02-25 17:25:28 -0800

NameError - uninitialized constant Api::SessionController:

Started POST "/api/session" for 127.0.0.1 at 2019-02-25 17:25:28 -0800

NameError - uninitialized constant Api::SessionController:

Started POST "/api/session" for 127.0.0.1 at 2019-02-25 17:25:28 -0800

NameError - uninitialized constant Api::SessionController:

Started POST "/api/session" for 127.0.0.1 at 2019-02-25 17:25:28 -0800

NameError - uninitialized constant Api::SessionController:

Started POST "/api/session" for 127.0.0.1 at 2019-02-25 17:25:29 -0800

NameError - uninitialized constant Api::SessionController:

Started GET "/" for 127.0.0.1 at 2019-02-25 17:26:40 -0800
Processing by StaticPagesController#root as HTML
  Rendering static_pages/root.html.erb within layouts/application
  [1m[36mUser Load (0.5ms)[0m  [1m[34mSELECT  "users".* FROM "users" WHERE "users"."session_token" IS NULL LIMIT $1[0m  [["LIMIT", 1]]
  ↳ app/controllers/application_controller.rb:11
  Rendered static_pages/root.html.erb within layouts/application (2.4ms)
Completed 200 OK in 34ms (Views: 31.0ms | ActiveRecord: 0.5ms)


Started POST "/api/users" for 127.0.0.1 at 2019-02-25 17:27:06 -0800
Processing by Api::UsersController#create as JSON
  Parameters: {"user"=>{"username"=>"", "password"=>"[FILTERED]"}}
Started POST "/api/users" for 127.0.0.1 at 2019-02-25 17:27:06 -0800
Processing by Api::UsersController#create as JSON
  Parameters: {"user"=>{"username"=>"y", "password"=>"[FILTERED]"}}
No template found for Api::UsersController#create, rendering head :no_content
Completed 204 No Content in 152ms (ActiveRecord: 0.0ms)


Started POST "/api/users" for 127.0.0.1 at 2019-02-25 17:27:06 -0800
Processing by Api::UsersController#create as JSON
  Parameters: {"user"=>{"username"=>"yo", "password"=>"[FILTERED]"}}
Started POST "/api/users" for 127.0.0.1 at 2019-02-25 17:27:06 -0800
No template found for Api::UsersController#create, rendering head :no_content
Completed 204 No Content in 243ms (ActiveRecord: 0.0ms)


Processing by Api::UsersController#create as JSON
  Parameters: {"user"=>{"username"=>"you", "password"=>"[FILTERED]"}}
No template found for Api::UsersController#create, rendering head :no_content
Completed 204 No Content in 269ms (ActiveRecord: 0.0ms)


Started POST "/api/users" for 127.0.0.1 at 2019-02-25 17:27:06 -0800
Processing by Api::UsersController#create as JSON
  Parameters: {"user"=>{"username"=>"youn", "password"=>"[FILTERED]"}}
No template found for Api::UsersController#create, rendering head :no_content
Completed 204 No Content in 243ms (ActiveRecord: 0.0ms)


No template found for Api::UsersController#create, rendering head :no_content
Completed 204 No Content in 200ms (ActiveRecord: 0.0ms)


Started POST "/api/users" for 127.0.0.1 at 2019-02-25 17:27:08 -0800
Processing by Api::UsersController#create as JSON
  Parameters: {"user"=>{"username"=>"young", "password"=>"[FILTERED]"}}
No template found for Api::UsersController#create, rendering head :no_content
Completed 204 No Content in 131ms (ActiveRecord: 0.0ms)


Started POST "/api/users" for 127.0.0.1 at 2019-02-25 17:27:09 -0800
Processing by Api::UsersController#create as JSON
  Parameters: {"user"=>{"username"=>"young1", "password"=>"[FILTERED]"}}
No template found for Api::UsersController#create, rendering head :no_content
Completed 204 No Content in 131ms (ActiveRecord: 0.0ms)


Started POST "/api/users" for 127.0.0.1 at 2019-02-25 17:27:10 -0800
Processing by Api::UsersController#create as JSON
  Parameters: {"user"=>{"username"=>"young1", "password"=>"[FILTERED]"}}
No template found for Api::UsersController#create, rendering head :no_content
Completed 204 No Content in 131ms (ActiveRecord: 0.0ms)


Started POST "/api/users" for 127.0.0.1 at 2019-02-25 17:27:10 -0800
Processing by Api::UsersController#create as JSON
  Parameters: {"user"=>{"username"=>"young1", "password"=>"[FILTERED]"}}
No template found for Api::UsersController#create, rendering head :no_content
Completed 204 No Content in 133ms (ActiveRecord: 0.0ms)


Started POST "/api/users" for 127.0.0.1 at 2019-02-25 17:27:10 -0800
Processing by Api::UsersController#create as JSON
  Parameters: {"user"=>{"username"=>"young1", "password"=>"[FILTERED]"}}
No template found for Api::UsersController#create, rendering head :no_content
Completed 204 No Content in 132ms (ActiveRecord: 0.0ms)


Started POST "/api/users" for 127.0.0.1 at 2019-02-25 17:27:11 -0800
Processing by Api::UsersController#create as JSON
  Parameters: {"user"=>{"username"=>"young1", "password"=>"[FILTERED]"}}
No template found for Api::UsersController#create, rendering head :no_content
Completed 204 No Content in 131ms (ActiveRecord: 0.0ms)


Started POST "/api/users" for 127.0.0.1 at 2019-02-25 17:27:11 -0800
Processing by Api::UsersController#create as JSON
  Parameters: {"user"=>{"username"=>"young1", "password"=>"[FILTERED]"}}
No template found for Api::UsersController#create, rendering head :no_content
Completed 204 No Content in 132ms (ActiveRecord: 0.0ms)


Started POST "/api/users" for 127.0.0.1 at 2019-02-25 17:27:11 -0800
Processing by Api::UsersController#create as JSON
  Parameters: {"user"=>{"username"=>"young1", "password"=>"[FILTERED]"}}
No template found for Api::UsersController#create, rendering head :no_content
Completed 204 No Content in 132ms (ActiveRecord: 0.0ms)


Started POST "/api/users" for 127.0.0.1 at 2019-02-25 17:27:11 -0800
Processing by Api::UsersController#create as JSON
  Parameters: {"user"=>{"username"=>"young1", "password"=>"[FILTERED]"}}
No template found for Api::UsersController#create, rendering head :no_content
Completed 204 No Content in 130ms (ActiveRecord: 0.0ms)


Started GET "/" for 127.0.0.1 at 2019-02-25 17:27:12 -0800
Processing by StaticPagesController#root as HTML
  Rendering static_pages/root.html.erb within layouts/application
  [1m[36mUser Load (0.5ms)[0m  [1m[34mSELECT  "users".* FROM "users" WHERE "users"."session_token" IS NULL LIMIT $1[0m  [["LIMIT", 1]]
  ↳ app/controllers/application_controller.rb:11
  Rendered static_pages/root.html.erb within layouts/application (2.2ms)
Completed 200 OK in 31ms (Views: 27.2ms | ActiveRecord: 0.5ms)


Started POST "/api/session" for 127.0.0.1 at 2019-02-25 17:27:17 -0800

NameError - uninitialized constant Api::SessionController:

Started POST "/api/session" for 127.0.0.1 at 2019-02-25 17:27:17 -0800

NameError - uninitialized constant Api::SessionController:

Started POST "/api/session" for 127.0.0.1 at 2019-02-25 17:27:17 -0800

NameError - uninitialized constant Api::SessionController:

Started POST "/api/session" for 127.0.0.1 at 2019-02-25 17:27:17 -0800

NameError - uninitialized constant Api::SessionController:

Started POST "/api/session" for 127.0.0.1 at 2019-02-25 17:27:17 -0800

NameError - uninitialized constant Api::SessionController:

Started POST "/api/session" for 127.0.0.1 at 2019-02-25 17:27:18 -0800

NameError - uninitialized constant Api::SessionController:

Started POST "/api/session" for 127.0.0.1 at 2019-02-25 17:27:19 -0800

NameError - uninitialized constant Api::SessionController:

Started POST "/api/session" for 127.0.0.1 at 2019-02-25 17:27:19 -0800

NameError - uninitialized constant Api::SessionController:

Started POST "/api/session" for 127.0.0.1 at 2019-02-25 17:27:19 -0800

NameError - uninitialized constant Api::SessionController:

Started POST "/api/session" for 127.0.0.1 at 2019-02-25 17:27:19 -0800

NameError - uninitialized constant Api::SessionController:

Started POST "/api/session" for 127.0.0.1 at 2019-02-25 17:27:20 -0800

NameError - uninitialized constant Api::SessionController:

Started POST "/api/session" for 127.0.0.1 at 2019-02-25 17:27:20 -0800

NameError - uninitialized constant Api::SessionController:

Started POST "/api/session" for 127.0.0.1 at 2019-02-25 17:27:20 -0800

NameError - uninitialized constant Api::SessionController:

Started POST "/api/session" for 127.0.0.1 at 2019-02-25 17:27:20 -0800

NameError - uninitialized constant Api::SessionController:

Started GET "/" for 127.0.0.1 at 2019-02-25 17:28:38 -0800
Processing by StaticPagesController#root as HTML
  Rendering static_pages/root.html.erb within layouts/application
  [1m[36mUser Load (0.5ms)[0m  [1m[34mSELECT  "users".* FROM "users" WHERE "users"."session_token" IS NULL LIMIT $1[0m  [["LIMIT", 1]]
  ↳ app/controllers/application_controller.rb:11
  Rendered static_pages/root.html.erb within layouts/application (2.6ms)
Completed 200 OK in 352ms (Views: 349.2ms | ActiveRecord: 0.5ms)


Started POST "/api/users" for 127.0.0.1 at 2019-02-25 17:28:46 -0800
Processing by Api::UsersController#create as JSON
  Parameters: {"user"=>{"username"=>"young0", "password"=>"[FILTERED]"}}
No template found for Api::UsersController#create, rendering head :no_content
Completed 204 No Content in 132ms (ActiveRecord: 0.0ms)


Started POST "/api/users" for 127.0.0.1 at 2019-02-25 17:28:47 -0800
Processing by Api::UsersController#create as JSON
  Parameters: {"user"=>{"username"=>"young0", "password"=>"[FILTERED]"}}
No template found for Api::UsersController#create, rendering head :no_content
Completed 204 No Content in 134ms (ActiveRecord: 0.0ms)


Started POST "/api/users" for 127.0.0.1 at 2019-02-25 17:28:49 -0800
Processing by Api::UsersController#create as JSON
  Parameters: {"user"=>{"username"=>"young0", "password"=>"[FILTERED]"}}
No template found for Api::UsersController#create, rendering head :no_content
Completed 204 No Content in 135ms (ActiveRecord: 0.0ms)


Started POST "/api/users" for 127.0.0.1 at 2019-02-25 17:28:49 -0800
Processing by Api::UsersController#create as JSON
  Parameters: {"user"=>{"username"=>"young0", "password"=>"[FILTERED]"}}
No template found for Api::UsersController#create, rendering head :no_content
Completed 204 No Content in 142ms (ActiveRecord: 0.0ms)


Started POST "/api/users" for 127.0.0.1 at 2019-02-25 17:28:49 -0800
Processing by Api::UsersController#create as JSON
  Parameters: {"user"=>{"username"=>"young0", "password"=>"[FILTERED]"}}
No template found for Api::UsersController#create, rendering head :no_content
Completed 204 No Content in 140ms (ActiveRecord: 0.0ms)


Started POST "/api/session" for 127.0.0.1 at 2019-02-25 17:28:56 -0800

NameError - uninitialized constant Api::SessionController:

Started POST "/api/session" for 127.0.0.1 at 2019-02-25 17:28:57 -0800

NameError - uninitialized constant Api::SessionController:

Started POST "/api/session" for 127.0.0.1 at 2019-02-25 17:28:57 -0800

NameError - uninitialized constant Api::SessionController:

Started GET "/" for 127.0.0.1 at 2019-02-25 17:30:42 -0800
Processing by StaticPagesController#root as HTML
  Rendering static_pages/root.html.erb within layouts/application
  [1m[36mUser Load (0.5ms)[0m  [1m[34mSELECT  "users".* FROM "users" WHERE "users"."session_token" IS NULL LIMIT $1[0m  [["LIMIT", 1]]
  ↳ app/controllers/application_controller.rb:11
  Rendered static_pages/root.html.erb within layouts/application (2.8ms)
Completed 200 OK in 461ms (Views: 457.1ms | ActiveRecord: 0.5ms)


Started GET "/" for 127.0.0.1 at 2019-02-25 17:31:13 -0800
Processing by StaticPagesController#root as HTML
  Rendering static_pages/root.html.erb within layouts/application
  [1m[36mUser Load (0.5ms)[0m  [1m[34mSELECT  "users".* FROM "users" WHERE "users"."session_token" IS NULL LIMIT $1[0m  [["LIMIT", 1]]
  ↳ app/controllers/application_controller.rb:11
  Rendered static_pages/root.html.erb within layouts/application (2.4ms)
Completed 200 OK in 401ms (Views: 396.5ms | ActiveRecord: 0.5ms)


Started GET "/" for 127.0.0.1 at 2019-02-25 17:31:18 -0800
Processing by StaticPagesController#root as HTML
  Rendering static_pages/root.html.erb within layouts/application
  [1m[36mUser Load (0.6ms)[0m  [1m[34mSELECT  "users".* FROM "users" WHERE "users"."session_token" IS NULL LIMIT $1[0m  [["LIMIT", 1]]
  ↳ app/controllers/application_controller.rb:11
  Rendered static_pages/root.html.erb within layouts/application (2.2ms)
Completed 200 OK in 32ms (Views: 28.5ms | ActiveRecord: 0.6ms)


